{"name":"validateEleventhElementIsNotInJson","status":"failed","statusDetails":{"known":false,"muted":false,"flaky":false,"message":"expected [org.json.JSONException: JSONArray[10] not found.] but found [java.lang.NullPointerException]","trace":"java.lang.AssertionError: expected [org.json.JSONException: JSONArray[10] not found.] but found [java.lang.NullPointerException]\r\n\tat org.testng.Assert.fail(Assert.java:96)\r\n\tat org.testng.Assert.failNotEquals(Assert.java:776)\r\n\tat org.testng.Assert.assertEqualsImpl(Assert.java:137)\r\n\tat org.testng.Assert.assertEquals(Assert.java:118)\r\n\tat org.testng.Assert.assertEquals(Assert.java:453)\r\n\tat org.testng.Assert.assertEquals(Assert.java:463)\r\n\tat com.postcodes.tests.Get_Query_Postcodes.validateEleventhElementIsNotInJson(Get_Query_Postcodes.java:130)\r\n\tat java.base/jdk.internal.reflect.NativeMethodAccessorImpl.invoke0(Native Method)\r\n\tat java.base/jdk.internal.reflect.NativeMethodAccessorImpl.invoke(NativeMethodAccessorImpl.java:62)\r\n\tat java.base/jdk.internal.reflect.DelegatingMethodAccessorImpl.invoke(DelegatingMethodAccessorImpl.java:43)\r\n\tat java.base/java.lang.reflect.Method.invoke(Method.java:567)\r\n\tat org.testng.internal.MethodInvocationHelper.invokeMethod(MethodInvocationHelper.java:124)\r\n\tat org.testng.internal.Invoker.invokeMethod(Invoker.java:580)\r\n\tat org.testng.internal.Invoker.invokeTestMethod(Invoker.java:716)\r\n\tat org.testng.internal.Invoker.invokeTestMethods(Invoker.java:988)\r\n\tat org.testng.internal.TestMethodWorker.invokeTestMethods(TestMethodWorker.java:125)\r\n\tat org.testng.internal.TestMethodWorker.run(TestMethodWorker.java:109)\r\n\tat org.testng.TestRunner.privateRun(TestRunner.java:648)\r\n\tat org.testng.TestRunner.run(TestRunner.java:505)\r\n\tat org.testng.SuiteRunner.runTest(SuiteRunner.java:455)\r\n\tat org.testng.SuiteRunner.runSequentially(SuiteRunner.java:450)\r\n\tat org.testng.SuiteRunner.privateRun(SuiteRunner.java:415)\r\n\tat org.testng.SuiteRunner.run(SuiteRunner.java:364)\r\n\tat org.testng.SuiteRunnerWorker.runSuite(SuiteRunnerWorker.java:52)\r\n\tat org.testng.SuiteRunnerWorker.run(SuiteRunnerWorker.java:84)\r\n\tat org.testng.TestNG.runSuitesSequentially(TestNG.java:1208)\r\n\tat org.testng.TestNG.runSuitesLocally(TestNG.java:1137)\r\n\tat org.testng.TestNG.runSuites(TestNG.java:1049)\r\n\tat org.testng.TestNG.run(TestNG.java:1017)\r\n\tat org.testng.IDEARemoteTestNG.run(IDEARemoteTestNG.java:73)\r\n\tat org.testng.RemoteTestNGStarter.main(RemoteTestNGStarter.java:123)\r\n"},"stage":"finished","steps":[],"attachments":[],"parameters":[],"start":1591804571411,"stop":1591804571486,"uuid":"ead02158-1dee-4527-992c-4c300247b11a","historyId":"f17de0bdfcde729a5a42e0156caeecce","fullName":"com.postcodes.tests.Get_Query_Postcodes.validateEleventhElementIsNotInJson","labels":[{"name":"package","value":"com.postcodes.tests.Get_Query_Postcodes"},{"name":"testClass","value":"com.postcodes.tests.Get_Query_Postcodes"},{"name":"testMethod","value":"validateEleventhElementIsNotInJson"},{"name":"parentSuite","value":"Testing"},{"name":"suite","value":"Testing"},{"name":"subSuite","value":"com.postcodes.tests.Get_Query_Postcodes"},{"name":"host","value":"L19UK0347"},{"name":"thread","value":"26172@L19UK0347.main(1)"}],"links":[]}